03-13 16:23 INFO     reading from fifo/ctu13_dns_response.pcap
03-13 16:23 INFO     writing to /root/DNSMap/pydnsmap/pydnsmap/output/pydnsmap_1552465417.85/dnsmap.txt
03-13 16:23 INFO     timebinSizeMerge: 21600
03-13 16:23 INFO     timebinSizeSplitAndCleanup: 172800
03-13 16:23 INFO     maxClusterSize: 30
03-13 16:23 INFO     maxNumClusters: 50
03-13 16:23 INFO     clusteringThreshold: 0.6
03-13 16:23 INFO     domainCountThreshold: 0.0
03-13 16:23 INFO     filterTimeThreshold: 10800
03-13 16:23 INFO     merged blocks: 468
03-13 16:23 INFO     t is now 1313443244; merged: True; splitAndCleanedUp: False
03-13 16:23 INFO     memory usage: {'peak': 382560, 'rss': 48676}
03-13 16:23 INFO     IPBlocks before merge: 1714
03-13 16:23 INFO     IPs/IPBlocks: 1714/1246
03-13 16:23 INFO     domains: 1514
03-13 16:23 INFO     Clusters per IP: (0.9597296511386305, 0.39112112833543633, array([0.33333333, 0.5       , 0.5       , 1.        , 1.        ,
       1.        , 1.        , 1.        , 1.        , 1.        ,
       1.        , 1.        , 1.        , 1.        , 1.        ,
       1.        , 1.        , 1.        , 1.        , 7.        ]))
03-13 16:23 INFO     Clusters per IPBlock: (1.0706260032102728, 0.37130729931915607, array([1., 1., 1., 1., 1., 1., 1., 1., 1., 1., 1., 1., 1., 1., 1., 1., 1.,
       1., 2., 7.]))
03-13 16:23 INFO     Collapsed clusters: 0
03-13 16:23 INFO     Blocks that reached cluster capacity: 0
03-13 16:23 INFO     this took 0.218867063522 seconds
03-13 16:23 INFO     merged blocks: 17
03-13 16:23 INFO     t is now 1313464864; merged: True; splitAndCleanedUp: False
03-13 16:23 INFO     memory usage: {'peak': 382560, 'rss': 48832}
03-13 16:23 INFO     IPBlocks before merge: 1270
03-13 16:23 INFO     IPs/IPBlocks: 1738/1253
03-13 16:23 INFO     domains: 1521
03-13 16:23 INFO     Clusters per IP: (0.9579727150721469, 0.40113672917194454, array([0.33333333, 0.5       , 0.5       , 1.        , 1.        ,
       1.        , 1.        , 1.        , 1.        , 1.        ,
       1.        , 1.        , 1.        , 1.        , 1.        ,
       1.        , 1.        , 1.        , 1.        , 7.        ]))
03-13 16:23 INFO     Clusters per IPBlock: (1.0726256983240223, 0.4097680630366983, array([1., 1., 1., 1., 1., 1., 1., 1., 1., 1., 1., 1., 1., 1., 1., 1., 1.,
       1., 2., 8.]))
03-13 16:23 INFO     Collapsed clusters: 0
03-13 16:23 INFO     Blocks that reached cluster capacity: 0
03-13 16:23 INFO     this took 0.0608649253845 seconds
03-13 16:23 INFO     added1908 out of 2887 records
03-13 16:23 INFO     1522 domains in tree
03-13 16:23 INFO     1259 blocks in tree
03-13 16:23 INFO     1744 IPs in tree
03-13 16:23 INFO     dumping to file /root/DNSMap/pydnsmap/pydnsmap/output/pydnsmap_1552465417.85/dnsmap.txt
